Arguments: 
  /usr/bin/node /usr/local/bin/yarn

PATH: 
  /home/caesar/.cargo/bin:/home/caesar/.local/bin:/home/caesar/.cargo/bin:/home/caesar/.local/bin:/usr/local/sbin:/usr/local/bin:/usr/sbin:/usr/bin:/sbin:/bin:/usr/games:/usr/local/games:/usr/local/go/bin:/usr/local/go/bin

Yarn version: 
  1.13.0

Node version: 
  8.10.0

Platform: 
  linux x64

Trace: 
  SyntaxError: /home/caesar/go/src/github.com/caesarchad/test_npm/package.json: Unexpected token } in JSON at position 339
      at JSON.parse (<anonymous>)
      at /usr/local/lib/node_modules/yarn/lib/cli.js:1625:59
      at Generator.next (<anonymous>)
      at step (/usr/local/lib/node_modules/yarn/lib/cli.js:304:30)
      at /usr/local/lib/node_modules/yarn/lib/cli.js:315:13
      at <anonymous>

npm manifest: 
  {
    "name": "test_npm",
    "version": "1.0.0",
    "description": "Test how to create/modify npm project",
    "main": "index.js",
    "scripts": {
      "start-sample": "babel-node sample-server.js",
      "test": "test",
      "start": "babel-node server.js",
      "build": "webpack --mode=production",
      "builddev": "webpack --mode=development",
    },
    "author": "",
    "license": "ISC",
    "dependencies": {
      "caesar-npm-pkg": "^1.0.0",
      "express": "^4.16.4"
    },
    "devDependencies": {
      "@babel/core": "^7.3.3",
      "@babel/node": "^7.2.2",
      "@babel/preset-react": "^7.0.0"
    }
  }

yarn manifest: 
  No manifest

Lockfile: 
  No lockfile
